<?xml version="1.0" encoding="UTF-8"?>
<!-- Generated by org.testng.reporters.JUnitReportReporter -->
<testsuite hostname="LAPTOP-P4K5B7P5" name="libraryApi.LibraryTest" tests="2" failures="0" timestamp="27 Jul 2021 06:54:13 GMT" time="4.065" errors="0">
  <testcase name="postAddbook" time="0.282" classname="libraryApi.LibraryTest"/>
  <testcase name="postAddbook" time="3.783" classname="libraryApi.LibraryTest"/>
</testsuite> <!-- libraryApi.LibraryTest -->
