<?xml version="1.0" encoding="UTF-8"?>
<!-- Generated by org.testng.reporters.JUnitReportReporter -->
<testsuite hostname="LAPTOP-P4K5B7P5" name="automation.RestAssureAPI.AppTest" tests="1" failures="0" timestamp="27 Jul 2021 06:54:13 GMT" time="0.002" errors="0">
  <testcase name="testApp" time="0.002" classname="automation.RestAssureAPI.AppTest"/>
</testsuite> <!-- automation.RestAssureAPI.AppTest -->
