<?xml version="1.0" encoding="UTF-8"?>
<!-- Generated by org.testng.reporters.JUnitReportReporter -->
<testsuite skipped="0" hostname="LAPTOP-P4K5B7P5" name="automation.RestAssureAPI.AppTest" tests="1" failures="0" timestamp="2021-07-25T12:40:08 IST" time="0.001" errors="0">
  <testcase name="testApp" time="0.001" classname="automation.RestAssureAPI.AppTest"/>
  <system-out/>
</testsuite> <!-- automation.RestAssureAPI.AppTest -->
