<?xml version="1.0" encoding="UTF-8"?>
<!-- Generated by org.testng.reporters.JUnitReportReporter -->
<testsuite hostname="LAPTOP-P4K5B7P5" name="libraryApi.LibraryTest" tests="2" failures="0" timestamp="25 Jul 2021 07:45:42 GMT" time="2.846" errors="0">
  <testcase name="postAddbook" time="2.565" classname="libraryApi.LibraryTest"/>
  <testcase name="postAddbook" time="0.281" classname="libraryApi.LibraryTest"/>
</testsuite> <!-- libraryApi.LibraryTest -->
