<?xml version="1.0" encoding="UTF-8"?>
<!-- Generated by org.testng.reporters.JUnitReportReporter -->
<testsuite hostname="LAPTOP-P4K5B7P5" name="jira.JiraOperation" tests="1" failures="0" timestamp="25 Jul 2021 11:43:12 GMT" time="5.159" errors="0">
  <testcase name="createAnIssueUsingSession" time="5.159" classname="jira.JiraOperation"/>
</testsuite> <!-- jira.JiraOperation -->
